2025-05-29 11:59:45.971 +03:30 [INF] شروع مقداردهی اولیه دیتابیس...
2025-05-29 11:59:46.243 +03:30 [INF] شروع بررسی و ایجاد دیتابیس...
2025-05-29 11:59:46.541 +03:30 [WRN] Entity 'Organization' has a global query filter defined and is the required end of a relationship with the entity 'AuditLog'. This may lead to unexpected results when the required entity is filtered out. Either configure the navigation as optional, or define matching query filters for both entities in the navigation. See https://go.microsoft.com/fwlink/?linkid=2131316 for more information.
2025-05-29 11:59:46.544 +03:30 [WRN] Entity 'Organization' has a global query filter defined and is the required end of a relationship with the entity 'InboxEvent'. This may lead to unexpected results when the required entity is filtered out. Either configure the navigation as optional, or define matching query filters for both entities in the navigation. See https://go.microsoft.com/fwlink/?linkid=2131316 for more information.
2025-05-29 11:59:46.546 +03:30 [WRN] Entity 'Organization' has a global query filter defined and is the required end of a relationship with the entity 'OutboxEvent'. This may lead to unexpected results when the required entity is filtered out. Either configure the navigation as optional, or define matching query filters for both entities in the navigation. See https://go.microsoft.com/fwlink/?linkid=2131316 for more information.
2025-05-29 11:59:46.548 +03:30 [WRN] Entity 'PermissionGroup' has a global query filter defined and is the required end of a relationship with the entity 'RolePermissionGroup'. This may lead to unexpected results when the required entity is filtered out. Either configure the navigation as optional, or define matching query filters for both entities in the navigation. See https://go.microsoft.com/fwlink/?linkid=2131316 for more information.
2025-05-29 11:59:46.549 +03:30 [WRN] Entity 'Role' has a global query filter defined and is the required end of a relationship with the entity 'UserRole'. This may lead to unexpected results when the required entity is filtered out. Either configure the navigation as optional, or define matching query filters for both entities in the navigation. See https://go.microsoft.com/fwlink/?linkid=2131316 for more information.
2025-05-29 11:59:47.024 +03:30 [INF] دیتابیس از قبل وجود دارد.
2025-05-29 11:59:47.189 +03:30 [INF] داده‌های Seed قبلاً ایجاد شده‌اند.
2025-05-29 11:59:47.190 +03:30 [INF] مقداردهی اولیه دیتابیس با موفقیت انجام شد.
2025-05-29 11:59:47.192 +03:30 [INF] مقداردهی اولیه دیتابیس با موفقیت انجام شد.
2025-05-29 12:01:14.949 +03:30 [INF] شروع راه‌اندازی سرویس LendTech API
2025-05-29 12:01:15.564 +03:30 [INF] شروع مقداردهی اولیه دیتابیس...
2025-05-29 12:01:15.665 +03:30 [INF] شروع بررسی و ایجاد دیتابیس...
2025-05-29 12:01:15.964 +03:30 [WRN] Entity 'Organization' has a global query filter defined and is the required end of a relationship with the entity 'AuditLog'. This may lead to unexpected results when the required entity is filtered out. Either configure the navigation as optional, or define matching query filters for both entities in the navigation. See https://go.microsoft.com/fwlink/?linkid=2131316 for more information.
2025-05-29 12:01:15.967 +03:30 [WRN] Entity 'Organization' has a global query filter defined and is the required end of a relationship with the entity 'InboxEvent'. This may lead to unexpected results when the required entity is filtered out. Either configure the navigation as optional, or define matching query filters for both entities in the navigation. See https://go.microsoft.com/fwlink/?linkid=2131316 for more information.
2025-05-29 12:01:15.968 +03:30 [WRN] Entity 'Organization' has a global query filter defined and is the required end of a relationship with the entity 'OutboxEvent'. This may lead to unexpected results when the required entity is filtered out. Either configure the navigation as optional, or define matching query filters for both entities in the navigation. See https://go.microsoft.com/fwlink/?linkid=2131316 for more information.
2025-05-29 12:01:15.969 +03:30 [WRN] Entity 'PermissionGroup' has a global query filter defined and is the required end of a relationship with the entity 'RolePermissionGroup'. This may lead to unexpected results when the required entity is filtered out. Either configure the navigation as optional, or define matching query filters for both entities in the navigation. See https://go.microsoft.com/fwlink/?linkid=2131316 for more information.
2025-05-29 12:01:15.970 +03:30 [WRN] Entity 'Role' has a global query filter defined and is the required end of a relationship with the entity 'UserRole'. This may lead to unexpected results when the required entity is filtered out. Either configure the navigation as optional, or define matching query filters for both entities in the navigation. See https://go.microsoft.com/fwlink/?linkid=2131316 for more information.
2025-05-29 12:01:16.297 +03:30 [INF] دیتابیس از قبل وجود دارد.
2025-05-29 12:01:16.456 +03:30 [INF] داده‌های Seed قبلاً ایجاد شده‌اند.
2025-05-29 12:01:16.457 +03:30 [INF] مقداردهی اولیه دیتابیس با موفقیت انجام شد.
2025-05-29 12:01:16.459 +03:30 [INF] مقداردهی اولیه دیتابیس با موفقیت انجام شد.
2025-05-29 12:01:16.758 +03:30 [INF] سرویس Outbox Dispatcher شروع به کار کرد
2025-05-29 12:01:16.852 +03:30 [INF] Exchange ها و Queue های RabbitMQ ایجاد شدند
2025-05-29 12:01:16.929 +03:30 [INF] سرویس Inbox Processor شروع به کار کرد
2025-05-29 12:01:16.935 +03:30 [INF] Consumer برای صف lendtech.user.events با تگ amq.ctag-dFTe7Ppzw1Mqbe-FYt1BDQ ثبت شد
2025-05-29 12:01:16.938 +03:30 [INF] Consumer برای صف lendtech.organization.events با تگ amq.ctag-HAwxbesqFGQMb4h0DC-h-A ثبت شد
2025-05-29 12:01:16.939 +03:30 [INF] Consumer برای صف lendtech.financial.events با تگ amq.ctag-1QJ1spz_feOuCtV_r1O_Qw ثبت شد
2025-05-29 12:01:16.940 +03:30 [INF] Consumer ها برای صف‌های پیام ثبت شدند
2025-05-29 12:01:16.941 +03:30 [INF] سرویس Cache Refresh شروع به کار کرد
2025-05-29 12:01:16.976 +03:30 [INF] سرویس Cleanup شروع به کار کرد با زمان‌بندی: 0 2 * * *
2025-05-29 12:01:16.978 +03:30 [INF] اجرای بعدی Cleanup در: "2025-05-30T02:00:00.0000000Z"
2025-05-29 12:01:17.055 +03:30 [INF] Initializing UI Database
2025-05-29 12:01:17.303 +03:30 [INF] Saving healthchecks configuration to database
2025-05-29 12:01:17.320 +03:30 [INF] کش 2 سازمان به‌روزرسانی شد
2025-05-29 12:01:17.521 +03:30 [INF] کش 3 نرخ ارز به‌روزرسانی شد
2025-05-29 12:01:17.597 +03:30 [WRN] Compiling a query which loads related collections for more than one collection navigation, either via 'Include' or through projection, but no 'QuerySplittingBehavior' has been configured. By default, Entity Framework will use 'QuerySplittingBehavior.SingleQuery', which can potentially result in slow query performance. See https://go.microsoft.com/fwlink/?linkid=2134277 for more information. To identify the query that's triggering this warning call 'ConfigureWarnings(w => w.Throw(RelationalEventId.MultipleCollectionIncludeWarning))'.
2025-05-29 12:01:17.695 +03:30 [INF] کش دسترسی‌های 1 کاربر فعال به‌روزرسانی شد
2025-05-29 12:01:18.813 +03:30 [INF] HTTP GET /health responded 200 in 790.6352 ms
2025-05-29 12:01:25.578 +03:30 [INF] HTTP GET /metric responded 404 in 3.5697 ms
2025-05-29 12:01:48.954 +03:30 [WRN] Health check RabbitMQ with status "Degraded" completed after 1.0008ms with message 'null'
RabbitMQ.Client.Exceptions.AlreadyClosedException: Already closed: The AMQP operation was interrupted: AMQP close-reason, initiated by Library, code=0, text='End of stream', classId=0, methodId=0, exception=System.IO.EndOfStreamException: Reached the end of the stream. Possible authentication failure.
   at RabbitMQ.Client.Impl.InboundFrame.ReadFrom(Stream reader, Byte[] frameHeaderBuffer, ArrayPool`1 pool, UInt32 maxMessageSize)
   at RabbitMQ.Client.Impl.SocketFrameHandler.ReadFrame()
   at RabbitMQ.Client.Framing.Impl.Connection.MainLoopIteration()
   at RabbitMQ.Client.Framing.Impl.Connection.MainLoop()
   at RabbitMQ.Client.Framing.Impl.Connection.EnsureIsOpen()
   at RabbitMQ.Client.Framing.Impl.AutorecoveringConnection.EnsureIsOpen()
   at RabbitMQ.Client.Framing.Impl.AutorecoveringConnection.CreateModel()
   at HealthChecks.RabbitMQ.RabbitMQHealthCheck.CheckHealthAsync(HealthCheckContext context, CancellationToken cancellationToken) in /_/src/HealthChecks.Rabbitmq/RabbitMQHealthCheck.cs:line 34
2025-05-29 12:01:54.759 +03:30 [WRN] Health check Redis with status "Degraded" completed after 5804.6856ms with message 'null'
StackExchange.Redis.RedisConnectionException: The message timed out in the backlog attempting to send because no connection became available (5000ms) - Last Connection Exception: SocketClosed (ReadEndOfStream, last-recv: 0) on localhost:6379/Interactive, Idle/MarkProcessed, last: ECHO, origin: ReadFromPipe, outstanding: 0, last-read: 0s ago, last-write: 14s ago, keep-alive: 60s, state: ConnectedEstablished, mgr: 6 of 10 available, in: 0, in-pipe: 0, out-pipe: 0, last-heartbeat: 0s ago, last-mbeat: 0s ago, global: 0s ago, v: 2.7.27.49176, command=PING, timeout: 5000, inst: 0, qu: 0, qs: 12, aw: False, bw: CheckingForTimeout, rs: ReadAsync, ws: Idle, in: 0, in-pipe: 0, out-pipe: 0, last-in: 0, cur-in: 0, sync-ops: 0, async-ops: 3, serverEndpoint: localhost:6379, conn-sec: n/a, aoc: 0, mc: 1/1/0, mgr: 10 of 10 available, clientName: DESKTOP-J2K1G8L(SE.Redis-v2.7.27.49176), IOCP: (Busy=0,Free=1000,Min=1,Max=1000), WORKER: (Busy=2,Free=32765,Min=32,Max=32767), POOL: (Threads=8,QueuedItems=0,CompletedItems=1567,Timers=24), v: 2.7.27.49176 (Please take a look at this article for some common client-side issues that can cause timeouts: https://stackexchange.github.io/StackExchange.Redis/Timeouts)
 ---> StackExchange.Redis.RedisConnectionException: SocketClosed (ReadEndOfStream, last-recv: 0) on localhost:6379/Interactive, Idle/MarkProcessed, last: ECHO, origin: ReadFromPipe, outstanding: 0, last-read: 0s ago, last-write: 14s ago, keep-alive: 60s, state: ConnectedEstablished, mgr: 6 of 10 available, in: 0, in-pipe: 0, out-pipe: 0, last-heartbeat: 0s ago, last-mbeat: 0s ago, global: 0s ago, v: 2.7.27.49176
   --- End of inner exception stack trace ---
   at HealthChecks.Redis.RedisHealthCheck.CheckHealthAsync(HealthCheckContext context, CancellationToken cancellationToken) in /_/src/HealthChecks.Redis/RedisHealthCheck.cs:line 75
2025-05-29 12:01:54.765 +03:30 [INF] HTTP GET /health responded 200 in 5818.1955 ms
2025-05-29 12:02:24.853 +03:30 [WRN] Health check RabbitMQ with status "Degraded" completed after 0.3153ms with message 'null'
RabbitMQ.Client.Exceptions.AlreadyClosedException: Already closed: The AMQP operation was interrupted: AMQP close-reason, initiated by Library, code=0, text='End of stream', classId=0, methodId=0, exception=System.IO.EndOfStreamException: Reached the end of the stream. Possible authentication failure.
   at RabbitMQ.Client.Impl.InboundFrame.ReadFrom(Stream reader, Byte[] frameHeaderBuffer, ArrayPool`1 pool, UInt32 maxMessageSize)
   at RabbitMQ.Client.Impl.SocketFrameHandler.ReadFrame()
   at RabbitMQ.Client.Framing.Impl.Connection.MainLoopIteration()
   at RabbitMQ.Client.Framing.Impl.Connection.MainLoop()
   at RabbitMQ.Client.Framing.Impl.Connection.EnsureIsOpen()
   at RabbitMQ.Client.Framing.Impl.AutorecoveringConnection.EnsureIsOpen()
   at RabbitMQ.Client.Framing.Impl.AutorecoveringConnection.CreateModel()
   at HealthChecks.RabbitMQ.RabbitMQHealthCheck.CheckHealthAsync(HealthCheckContext context, CancellationToken cancellationToken) in /_/src/HealthChecks.Rabbitmq/RabbitMQHealthCheck.cs:line 34
2025-05-29 12:02:35.466 +03:30 [INF] HTTP GET /health responded 200 in 10612.9496 ms
2025-05-29 12:02:35.477 +03:30 [INF] Notification is sent on same window time.
2025-05-29 12:03:05.507 +03:30 [INF] HTTP GET /health responded 200 in 12.9495 ms
2025-05-29 12:03:35.619 +03:30 [INF] HTTP GET /health responded 200 in 6.3390 ms
2025-05-29 12:04:05.651 +03:30 [INF] HTTP GET /health responded 200 in 4.9246 ms
2025-05-29 12:04:35.681 +03:30 [INF] HTTP GET /health responded 200 in 2.5263 ms
2025-05-29 12:05:05.761 +03:30 [INF] HTTP GET /health responded 200 in 25.8404 ms
2025-05-29 12:05:35.801 +03:30 [INF] HTTP GET /health responded 200 in 2.8200 ms
2025-05-29 12:06:05.216 +03:30 [INF] شروع پردازش درخواست LoginCommand 58f29eb1-8436-4732-a7e6-5f740797c5d0 {"LoginRequest":{"Username":"admin","Password":"Admin@123","OrganizationId":"00000000-0000-0000-0000-000000000001","RememberMe":true,"$type":"LoginRequestDto"},"IpAddress":"127.0.0.1","UserAgent":"Mozilla/5.0 (Windows NT 10.0; Win64; x64; rv:139.0) Gecko/20100101 Firefox/139.0","$type":"LoginCommand"}
2025-05-29 12:06:05.839 +03:30 [INF] HTTP GET /health responded 200 in 4.6552 ms
2025-05-29 12:06:07.127 +03:30 [WRN] تلاش ناموفق ورود برای admin - دلیل: رمز عبور اشتباه
2025-05-29 12:06:07.129 +03:30 [WRN] درخواست LoginCommand 58f29eb1-8436-4732-a7e6-5f740797c5d0 بیش از 500ms طول کشید: 1902ms
2025-05-29 12:06:07.130 +03:30 [INF] پایان پردازش درخواست LoginCommand 58f29eb1-8436-4732-a7e6-5f740797c5d0 در 1902ms
2025-05-29 12:06:07.150 +03:30 [INF] HTTP POST /api/v1/Auth/login responded 401 in 2042.3290 ms
2025-05-29 12:06:15.359 +03:30 [INF] شروع پردازش درخواست LoginCommand c96cb92c-eaeb-416f-85b8-f30ea20650a9 {"LoginRequest":{"Username":"admin","Password":"123456","OrganizationId":"00000000-0000-0000-0000-000000000001","RememberMe":true,"$type":"LoginRequestDto"},"IpAddress":"127.0.0.1","UserAgent":"Mozilla/5.0 (Windows NT 10.0; Win64; x64; rv:139.0) Gecko/20100101 Firefox/139.0","$type":"LoginCommand"}
2025-05-29 12:06:15.447 +03:30 [INF] توکن دسترسی برای کاربر "30000000-0000-0000-0000-000000000001" تولید شد
2025-05-29 12:06:15.477 +03:30 [INF] پایان پردازش درخواست LoginCommand c96cb92c-eaeb-416f-85b8-f30ea20650a9 در 113ms
2025-05-29 12:06:15.479 +03:30 [INF] کاربر "30000000-0000-0000-0000-000000000001" با موفقیت وارد شد
2025-05-29 12:06:15.485 +03:30 [INF] HTTP POST /api/v1/Auth/login responded 200 in 143.0024 ms
2025-05-29 12:06:35.917 +03:30 [INF] HTTP GET /health responded 200 in 14.1624 ms
2025-05-29 12:07:06.002 +03:30 [INF] HTTP GET /health responded 200 in 44.4997 ms
2025-05-29 12:07:27.766 +03:30 [INF] شروع پردازش درخواست LoginCommand 50c6bd17-f676-44f2-a8f5-0f6226488a99 {"LoginRequest":{"Username":"admin","Password":"123456","OrganizationId":"00000000-0000-0000-0000-000000000001","RememberMe":true,"$type":"LoginRequestDto"},"IpAddress":"127.0.0.1","UserAgent":"Mozilla/5.0 (Windows NT 10.0; Win64; x64; rv:139.0) Gecko/20100101 Firefox/139.0","$type":"LoginCommand"}
2025-05-29 12:07:27.802 +03:30 [INF] توکن دسترسی برای کاربر "30000000-0000-0000-0000-000000000001" تولید شد
2025-05-29 12:07:27.806 +03:30 [INF] پایان پردازش درخواست LoginCommand 50c6bd17-f676-44f2-a8f5-0f6226488a99 در 35ms
2025-05-29 12:07:27.807 +03:30 [INF] کاربر "30000000-0000-0000-0000-000000000001" با موفقیت وارد شد
2025-05-29 12:07:27.809 +03:30 [INF] HTTP POST /api/v1/Auth/login responded 200 in 54.7514 ms
2025-05-29 12:07:36.144 +03:30 [INF] HTTP GET /health responded 200 in 1.9440 ms
2025-05-29 12:08:06.192 +03:30 [INF] HTTP GET /health responded 200 in 14.1802 ms
2025-05-29 12:08:36.226 +03:30 [INF] HTTP GET /health responded 200 in 2.5609 ms
2025-05-29 12:08:53.385 +03:30 [INF] شروع پردازش درخواست LoginCommand 650cbf3f-644f-40b7-9627-870cebdb08fa {"LoginRequest":{"Username":"admin","Password":"123456","OrganizationId":"00000000-0000-0000-0000-000000000001","RememberMe":true,"$type":"LoginRequestDto"},"IpAddress":"127.0.0.1","UserAgent":"Mozilla/5.0 (Windows NT 10.0; Win64; x64; rv:139.0) Gecko/20100101 Firefox/139.0","$type":"LoginCommand"}
2025-05-29 12:08:53.403 +03:30 [INF] توکن دسترسی برای کاربر "30000000-0000-0000-0000-000000000001" تولید شد
2025-05-29 12:08:53.407 +03:30 [INF] پایان پردازش درخواست LoginCommand 650cbf3f-644f-40b7-9627-870cebdb08fa در 17ms
2025-05-29 12:08:53.408 +03:30 [INF] کاربر "30000000-0000-0000-0000-000000000001" با موفقیت وارد شد
2025-05-29 12:08:53.409 +03:30 [INF] HTTP POST /api/v1/Auth/login responded 200 in 43.0275 ms
2025-05-29 12:09:06.268 +03:30 [INF] HTTP GET /health responded 200 in 8.3161 ms
2025-05-29 12:09:36.321 +03:30 [INF] HTTP GET /health responded 200 in 7.3746 ms
2025-05-29 12:10:06.373 +03:30 [INF] HTTP GET /health responded 200 in 15.5305 ms
2025-05-29 12:10:36.404 +03:30 [INF] HTTP GET /health responded 200 in 5.4409 ms
2025-05-29 12:10:55.670 +03:30 [INF] HTTP GET /health-ui responded 200 in 1.5410 ms
2025-05-29 12:10:55.687 +03:30 [INF] HTTP GET /ui/resources/healthchecksui-min.css responded 200 in 5.5995 ms
2025-05-29 12:10:55.703 +03:30 [INF] HTTP GET /ui/resources/vendors-dll.js responded 200 in 18.5324 ms
2025-05-29 12:10:55.705 +03:30 [INF] HTTP GET /ui/resources/healthchecks-bundle.js responded 200 in 15.5895 ms
2025-05-29 12:10:55.764 +03:30 [INF] HTTP GET /healthchecks-api/ui-settings responded 200 in 2.2439 ms
2025-05-29 12:10:55.766 +03:30 [INF] HTTP GET /favicon.ico responded 404 in 0.0883 ms
2025-05-29 12:10:55.804 +03:30 [INF] HTTP GET /healthchecks-api responded 200 in 30.9741 ms
2025-05-29 12:10:55.824 +03:30 [INF] HTTP GET /ui/resources/1ae4e3706fe3f478fcc1.woff2 responded 404 in 0.1532 ms
2025-05-29 12:11:08.686 +03:30 [INF] HTTP GET /healthchecks-api/ui-settings responded 200 in 0.1458 ms
2025-05-29 12:11:08.687 +03:30 [INF] HTTP GET /healthchecks-api responded 200 in 1.0581 ms
2025-05-29 12:11:11.483 +03:30 [WRN] Health check Redis with status "Degraded" completed after 5042.41ms with message 'null'
StackExchange.Redis.RedisConnectionException: The message timed out in the backlog attempting to send because no connection became available (5000ms) - Last Connection Exception: It was not possible to connect to the redis server(s). ConnectTimeout, command=PING, timeout: 5000, inst: 0, qu: 0, qs: 0, aw: False, bw: CheckingForTimeout, last-in: 0, cur-in: 0, sync-ops: 0, async-ops: 35, serverEndpoint: localhost:6379, conn-sec: n/a, aoc: 0, mc: 1/1/0, mgr: 10 of 10 available, clientName: DESKTOP-J2K1G8L(SE.Redis-v2.7.27.49176), IOCP: (Busy=0,Free=1000,Min=1,Max=1000), WORKER: (Busy=2,Free=32765,Min=32,Max=32767), POOL: (Threads=8,QueuedItems=0,CompletedItems=17649,Timers=30), v: 2.7.27.49176 (Please take a look at this article for some common client-side issues that can cause timeouts: https://stackexchange.github.io/StackExchange.Redis/Timeouts)
 ---> StackExchange.Redis.RedisConnectionException: It was not possible to connect to the redis server(s). ConnectTimeout
   --- End of inner exception stack trace ---
   at HealthChecks.Redis.RedisHealthCheck.CheckHealthAsync(HealthCheckContext context, CancellationToken cancellationToken) in /_/src/HealthChecks.Redis/RedisHealthCheck.cs:line 75
2025-05-29 12:11:11.487 +03:30 [INF] HTTP GET /health responded 200 in 5047.3975 ms
2025-05-29 12:11:23.478 +03:30 [INF] HTTP GET /health-ui responded 200 in 0.2672 ms
2025-05-29 12:11:23.485 +03:30 [INF] HTTP GET /ui/resources/healthchecksui-min.css responded 200 in 0.3159 ms
2025-05-29 12:11:23.487 +03:30 [INF] HTTP GET /ui/resources/vendors-dll.js responded 200 in 1.5265 ms
2025-05-29 12:11:23.488 +03:30 [INF] HTTP GET /ui/resources/healthchecks-bundle.js responded 200 in 2.2942 ms
2025-05-29 12:11:23.518 +03:30 [INF] HTTP GET /healthchecks-api/ui-settings responded 200 in 0.1588 ms
2025-05-29 12:11:23.526 +03:30 [INF] HTTP GET /ui/resources/1ae4e3706fe3f478fcc1.woff2 responded 404 in 0.0663 ms
2025-05-29 12:11:23.530 +03:30 [INF] HTTP GET /healthchecks-api responded 200 in 5.0184 ms
2025-05-29 12:11:41.049 +03:30 [INF] HTTP GET /healthchecks-api/ui-settings responded 200 in 0.2074 ms
2025-05-29 12:11:41.050 +03:30 [INF] HTTP GET /healthchecks-api responded 200 in 0.9244 ms
2025-05-29 12:11:41.538 +03:30 [INF] HTTP GET /health responded 200 in 9.4285 ms
2025-05-29 12:11:43.586 +03:30 [INF] HTTP GET /healthchecks-api/ui-settings responded 200 in 0.1081 ms
2025-05-29 12:11:43.587 +03:30 [INF] HTTP GET /healthchecks-api responded 200 in 0.5121 ms
2025-05-29 12:12:11.573 +03:30 [INF] HTTP GET /health responded 200 in 2.7451 ms
2025-05-29 12:12:13.607 +03:30 [INF] HTTP GET /healthchecks-api responded 200 in 0.7249 ms
2025-05-29 12:12:41.648 +03:30 [INF] HTTP GET /health responded 200 in 37.5482 ms
2025-05-29 12:13:11.705 +03:30 [INF] HTTP GET /health responded 200 in 37.2462 ms
2025-05-29 12:13:19.314 +03:30 [INF] HTTP GET /healthchecks-api/ui-settings responded 200 in 0.1573 ms
2025-05-29 12:13:19.315 +03:30 [INF] HTTP GET /healthchecks-api responded 200 in 0.7469 ms
